<?xml version="1.0" encoding="UTF-8"?>
<!-- Generated by org.testng.reporters.JUnitReportReporter -->
<testsuite hostname="LAPTOP-CJ23D15G" name="IBM1.testngexample1.softassertionsexample" tests="1" failures="0" timestamp="20 Jun 2022 06:50:36 GMT" time="0.014" errors="0">
  <testcase name="hardassert" time="0.014" classname="IBM1.testngexample1.softassertionsexample"/>
</testsuite> <!-- IBM1.testngexample1.softassertionsexample -->
