<?xml version="1.0" encoding="UTF-8"?>
<!-- Generated by org.testng.reporters.JUnitReportReporter -->
<testsuite hostname="LAPTOP-CJ23D15G" name="IBM1.testngexample1.testngday1" tests="1" failures="0" timestamp="20 Jun 2022 05:08:20 GMT" time="0.009" errors="0">
  <testcase name="checkingPNRStatus2" time="0.009" classname="IBM1.testngexample1.testngday1"/>
</testsuite> <!-- IBM1.testngexample1.testngday1 -->
