<?xml version="1.0" encoding="UTF-8"?>
<!-- Generated by org.testng.reporters.JUnitReportReporter -->
<testsuite hostname="LAPTOP-CJ23D15G" name="IBM1.testngexample1.testngday1" tests="2" failures="0" timestamp="17 Jun 2022 05:45:40 GMT" time="18.921" errors="0">
  <testcase name="testcase3" time="3.013" classname="IBM1.testngexample1.testngday1"/>
  <testcase name="testcase2" time="15.908" classname="IBM1.testngexample1.testngday1"/>
</testsuite> <!-- IBM1.testngexample1.testngday1 -->
