<?xml version="1.0" encoding="UTF-8"?>
<!-- Generated by org.testng.reporters.JUnitReportReporter -->
<testsuite hostname="LAPTOP-CJ23D15G" name="IBM1.testngexample1.invocationcountex" tests="6" failures="0" timestamp="20 Jun 2022 04:42:25 GMT" time="0.012" errors="0">
  <testcase name="testcase2" time="0.002" classname="IBM1.testngexample1.invocationcountex"/>
  <testcase name="testcase3" time="0.001" classname="IBM1.testngexample1.invocationcountex"/>
  <testcase name="testcase2" time="0.003" classname="IBM1.testngexample1.invocationcountex"/>
  <testcase name="testcase3" time="0.001" classname="IBM1.testngexample1.invocationcountex"/>
  <testcase name="testcase1" time="0.004" classname="IBM1.testngexample1.invocationcountex"/>
  <testcase name="testcase3" time="0.001" classname="IBM1.testngexample1.invocationcountex"/>
</testsuite> <!-- IBM1.testngexample1.invocationcountex -->
